<?xml version="1.0" encoding="UTF-8"?>
<testng-results ignored="0" total="1" passed="1" failed="0" skipped="0">
  <reporter-output>
  </reporter-output>
  <suite started-at="2023-09-08T16:44:33 IST" name="Default suite" finished-at="2023-09-08T16:44:44 IST" duration-ms="11241">
    <groups>
    </groups>
    <test started-at="2023-09-08T16:44:33 IST" name="Default test" finished-at="2023-09-08T16:44:44 IST" duration-ms="11241">
      <class name="sampleValeoTest.testScripts.LoginTest">
        <test-method signature="validLogin()[pri:0, instance:sampleValeoTest.testScripts.LoginTest@429bffaa]" started-at="2023-09-08T16:44:33 IST" name="validLogin" finished-at="2023-09-08T16:44:44 IST" duration-ms="11204" status="PASS">
          <reporter-output>
          </reporter-output>
        </test-method> <!-- validLogin -->
      </class> <!-- sampleValeoTest.testScripts.LoginTest -->
    </test> <!-- Default test -->
  </suite> <!-- Default suite -->
</testng-results>
